<?xml version="1.0" encoding="utf-8" standalone="no"?>
<!--This file represents the results of running a test suite-->
<test-results name="C:\Development\Personal\ncommon\build\\NCommon.Db4o.Tests.dll" total="11" errors="0" failures="0" not-run="2" inconclusive="0" ignored="2" skipped="0" invalid="0" date="2010-04-10" time="12:20:45">
  <environment nunit-version="2.5.3.9345" clr-version="2.0.50727.4927" os-version="Microsoft Windows NT 6.1.7600.0" platform="Win32NT" cwd="C:\Development\Personal\ncommon" machine-name="PHOENIX" user="Ritesh" user-domain="Phoenix" />
  <culture-info current-culture="en-US" current-uiculture="en-US" />
  <test-suite name="C:\Development\Personal\ncommon\build\\NCommon.Db4o.Tests.dll" executed="True" success="True" time="4.579" asserts="0">
    <results>
      <test-suite name="NCommon" executed="True" success="True" time="4.575" asserts="0">
        <results>
          <test-suite name="Data" executed="True" success="True" time="4.575" asserts="0">
            <results>
              <test-suite name="Db4o" executed="True" success="True" time="4.575" asserts="0">
                <results>
                  <test-suite name="Tests" executed="True" success="True" time="4.575" asserts="0">
                    <results>
                      <test-suite name="Db4oRepositoryTests" executed="True" success="True" time="4.499" asserts="0">
                        <results>
                          <test-case name="NCommon.Data.Db4o.Tests.Db4oRepositoryTests.Delete_Deletes_Record" executed="True" success="True" time="0.682" asserts="3" />
                          <test-case name="NCommon.Data.Db4o.Tests.Db4oRepositoryTests.Nested_UnitOfWork_With_Different_Transaction_Works" executed="True" success="True" time="0.395" asserts="3" />
                          <test-case name="NCommon.Data.Db4o.Tests.Db4oRepositoryTests.Query_Allows_Projection_Using_Select_Projection" executed="True" success="True" time="0.316" asserts="2" />
                          <test-case name="NCommon.Data.Db4o.Tests.Db4oRepositoryTests.Query_Using_OrderBy_With_QueryMethod_Returns_Matched_Records_Only" executed="True" success="True" time="0.366" asserts="2" />
                          <test-case name="NCommon.Data.Db4o.Tests.Db4oRepositoryTests.Query_Using_QueryMethod_Returns_Matched_Records_Only" executed="True" success="True" time="0.516" asserts="2" />
                          <test-case name="NCommon.Data.Db4o.Tests.Db4oRepositoryTests.Query_Using_Specifications_With_Closure_Works" executed="True" success="True" time="0.341" asserts="5" />
                          <test-case name="NCommon.Data.Db4o.Tests.Db4oRepositoryTests.Query_With_No_UnitOfWork_Throws_InvalidOperationException" executed="True" success="True" time="0.003" asserts="1" />
                          <test-case name="NCommon.Data.Db4o.Tests.Db4oRepositoryTests.Save_Does_Not_Save_New_Customer_When_UnitOfWork_Is_Aborted" executed="False">
                            <reason>
                              <message><![CDATA[Db40 does not support ambient transactions yet.]]></message>
                            </reason>
                          </test-case>
                          <test-case name="NCommon.Data.Db4o.Tests.Db4oRepositoryTests.Save_New_Customer_Saves_Customer_When_UnitOfWork_Is_Committed" executed="True" success="True" time="0.166" asserts="4" />
                          <test-case name="NCommon.Data.Db4o.Tests.Db4oRepositoryTests.Save_Updates_Existing_Order_Record" executed="True" success="True" time="0.437" asserts="6" />
                          <test-case name="NCommon.Data.Db4o.Tests.Db4oRepositoryTests.UnitOfWork_Rolledback_When_Containing_TransactionScope_Is_Rolledback" executed="False">
                            <reason>
                              <message><![CDATA[Db4o does not auto enlist into ambient transactions.]]></message>
                            </reason>
                          </test-case>
                        </results>
                      </test-suite>
                      <test-suite name="Db4oUnitOfWorkFactoryTests" executed="True" success="True" time="0.069" asserts="0">
                        <results>
                          <test-case name="NCommon.Data.Db4o.Tests.Db4oUnitOfWorkFactoryTests.Create_Returns_LinqToSqlUnitOfWork_Instance_When_DataContextProvider_Has_Been_Set" executed="True" success="True" time="0.067" asserts="2" />
                          <test-case name="NCommon.Data.Db4o.Tests.Db4oUnitOfWorkFactoryTests.Create_Throws_InvalidOperationException_When_No_ContainerProvider_Has_Been_Set" executed="True" success="True" time="0.001" asserts="1" />
                        </results>
                      </test-suite>
                    </results>
                  </test-suite>
                </results>
              </test-suite>
            </results>
          </test-suite>
        </results>
      </test-suite>
    </results>
  </test-suite>
</test-results>