<?xml version="1.0" encoding="utf-8" standalone="no"?>
<!--This file represents the results of running a test suite-->
<test-results name="C:\Development\Personal\ncommon\build\\NCommon.NHibernate.Tests.dll" total="35" errors="0" failures="0" not-run="0" inconclusive="0" ignored="0" skipped="0" invalid="0" date="2010-03-30" time="10:37:27">
  <environment nunit-version="2.5.3.9345" clr-version="2.0.50727.4927" os-version="Microsoft Windows NT 6.1.7600.0" platform="Win32NT" cwd="C:\Development\Personal\ncommon" machine-name="PHOENIX" user="Ritesh" user-domain="Phoenix" />
  <culture-info current-culture="en-US" current-uiculture="en-US" />
  <test-suite name="C:\Development\Personal\ncommon\build\\NCommon.NHibernate.Tests.dll" executed="True" success="True" time="9.086" asserts="0">
    <results>
      <test-suite name="NCommon" executed="True" success="True" time="9.071" asserts="0">
        <results>
          <test-suite name="Data" executed="True" success="True" time="9.071" asserts="0">
            <results>
              <test-suite name="NHibernate" executed="True" success="True" time="9.071" asserts="0">
                <results>
                  <test-suite name="Tests" executed="True" success="True" time="9.069" asserts="0">
                    <results>
                      <test-suite name="NHRepositoryQueryTests" executed="True" success="True" time="8.198" asserts="0">
                        <results>
                          <test-case name="NCommon.Data.NHibernate.Tests.NHRepositoryQueryTests.can_attach" executed="True" success="True" time="0.423" asserts="2" />
                          <test-case name="NCommon.Data.NHibernate.Tests.NHRepositoryQueryTests.can_delete" executed="True" success="True" time="0.122" asserts="2" />
                          <test-case name="NCommon.Data.NHibernate.Tests.NHRepositoryQueryTests.can_detach" executed="True" success="True" time="0.018" asserts="1" />
                          <test-case name="NCommon.Data.NHibernate.Tests.NHRepositoryQueryTests.can_eager_fetch_using_fetching_strategy" executed="True" success="True" time="0.314" asserts="4" />
                          <test-case name="NCommon.Data.NHibernate.Tests.NHRepositoryQueryTests.can_eager_fetch_using_with" executed="True" success="True" time="0.015" asserts="2" />
                          <test-case name="NCommon.Data.NHibernate.Tests.NHRepositoryQueryTests.can_lazyload" executed="True" success="True" time="0.027" asserts="3" />
                          <test-case name="NCommon.Data.NHibernate.Tests.NHRepositoryQueryTests.can_modify" executed="True" success="True" time="0.013" asserts="1" />
                          <test-case name="NCommon.Data.NHibernate.Tests.NHRepositoryQueryTests.can_perform_simple_query" executed="True" success="True" time="0.008" asserts="2" />
                          <test-case name="NCommon.Data.NHibernate.Tests.NHRepositoryQueryTests.can_query_multiple_databases" executed="True" success="True" time="2.099" asserts="2" />
                          <test-case name="NCommon.Data.NHibernate.Tests.NHRepositoryQueryTests.can_query_using_specification" executed="True" success="True" time="0.103" asserts="2" />
                          <test-case name="NCommon.Data.NHibernate.Tests.NHRepositoryQueryTests.can_save" executed="True" success="True" time="0.007" asserts="3" />
                          <test-case name="NCommon.Data.NHibernate.Tests.NHRepositoryQueryTests.lazyloading_when_outside_scope_throws" executed="True" success="True" time="0.114" asserts="3" />
                          <test-case name="NCommon.Data.NHibernate.Tests.NHRepositoryQueryTests.query_using_orderby_in_specification_works" executed="True" success="True" time="0.058" asserts="3" />
                        </results>
                      </test-suite>
                      <test-suite name="NHRepositoryTransactionTests" executed="True" success="True" time="0.427" asserts="0">
                        <results>
                          <test-case name="NCommon.Data.NHibernate.Tests.NHRepositoryTransactionTests.can_commit" executed="True" success="True" time="0.019" asserts="2" />
                          <test-case name="NCommon.Data.NHibernate.Tests.NHRepositoryTransactionTests.can_commit_multiple_db_operations" executed="True" success="True" time="0.018" asserts="4" />
                          <test-case name="NCommon.Data.NHibernate.Tests.NHRepositoryTransactionTests.can_rollback" executed="True" success="True" time="0.009" asserts="1" />
                          <test-case name="NCommon.Data.NHibernate.Tests.NHRepositoryTransactionTests.can_rollback_multipe_db_operations" executed="True" success="True" time="0.008" asserts="2" />
                          <test-case name="NCommon.Data.NHibernate.Tests.NHRepositoryTransactionTests.commit_throws_when_child_scope_rollsback" executed="True" success="True" time="0.007" asserts="1" />
                          <test-case name="NCommon.Data.NHibernate.Tests.NHRepositoryTransactionTests.nested_commit_with_seperate_transaction_commits_when_wrapping_scope_rollsback" executed="True" success="True" time="0.016" asserts="3" />
                          <test-case name="NCommon.Data.NHibernate.Tests.NHRepositoryTransactionTests.nested_commit_works" executed="True" success="True" time="0.009" asserts="4" />
                          <test-case name="NCommon.Data.NHibernate.Tests.NHRepositoryTransactionTests.nested_rollback_works" executed="True" success="True" time="0.004" asserts="2" />
                        </results>
                      </test-suite>
                      <test-suite name="NHSessionResolverTests" executed="True" success="True" time="0.128" asserts="0">
                        <results>
                          <test-case name="NCommon.Data.NHibernate.Tests.NHSessionResolverTests.GetSessionFactoryFor_returns_hr_factory_when_requested_for_Employee" executed="True" success="True" time="0.002" asserts="2" />
                          <test-case name="NCommon.Data.NHibernate.Tests.NHSessionResolverTests.GetSessionFactoryFor_returns_orders_factory_when_requested_for_customer" executed="True" success="True" time="0.001" asserts="2" />
                          <test-case name="NCommon.Data.NHibernate.Tests.NHSessionResolverTests.GetSessionKeyFor_returns_same_key_for_types_handled_by_the_same_factory" executed="True" success="True" time="0.001" asserts="1" />
                          <test-case name="NCommon.Data.NHibernate.Tests.NHSessionResolverTests.GetSessionKeyFor_throws_ArgumentException_when_no_factory_is_registered_to_handle_specified_type" executed="True" success="True" time="0.001" asserts="1" />
                          <test-case name="NCommon.Data.NHibernate.Tests.NHSessionResolverTests.RegisterSessionFactoryProvider_throws_ArgumentNullException_when_provider_is_null" executed="True" success="True" time="0.000" asserts="1" />
                          <test-case name="NCommon.Data.NHibernate.Tests.NHSessionResolverTests.SessionFactoriesRegistered_returns_correct_count" executed="True" success="True" time="0.001" asserts="1" />
                        </results>
                      </test-suite>
                      <test-suite name="NHUnitOfWorkFactoryTests" executed="True" success="True" time="0.106" asserts="0">
                        <results>
                          <test-case name="NCommon.Data.NHibernate.Tests.NHUnitOfWorkFactoryTests.Create_Returns_NHUnitOfWork_Instance_When_SessionFactoryProvider_Has_Been_Set" executed="True" success="True" time="0.105" asserts="2" />
                          <test-case name="NCommon.Data.NHibernate.Tests.NHUnitOfWorkFactoryTests.Create_Throws_InvalidOperationException_When_No_SessionFactoryProvider_Has_Been_Set" executed="True" success="True" time="0.001" asserts="1" />
                        </results>
                      </test-suite>
                      <test-suite name="NHUnitOfWorkTests" executed="True" success="True" time="0.201" asserts="0">
                        <results>
                          <test-case name="NCommon.Data.NHibernate.Tests.NHUnitOfWorkTests.ctor_throws_ArgumentNullException_when_sessionResolver_parameter_is_null" executed="True" success="True" time="0.000" asserts="1" />
                          <test-case name="NCommon.Data.NHibernate.Tests.NHUnitOfWorkTests.Dispose_disposes_all_open_ISession_instances" executed="True" success="True" time="0.182" asserts="0" />
                          <test-case name="NCommon.Data.NHibernate.Tests.NHUnitOfWorkTests.Flush_calls_flush_on_all_open_ISession_instances" executed="True" success="True" time="0.005" asserts="0" />
                          <test-case name="NCommon.Data.NHibernate.Tests.NHUnitOfWorkTests.GetSessionFor_returns_different_session_for_types_handled_by_different_factory" executed="True" success="True" time="0.006" asserts="1" />
                          <test-case name="NCommon.Data.NHibernate.Tests.NHUnitOfWorkTests.GetSessionFor_returns_same_session_for_types_handled_by_same_factory" executed="True" success="True" time="0.004" asserts="1" />
                          <test-case name="NCommon.Data.NHibernate.Tests.NHUnitOfWorkTests.GetSessionFor_returns_session_for_type" executed="True" success="True" time="0.001" asserts="1" />
                        </results>
                      </test-suite>
                    </results>
                  </test-suite>
                </results>
              </test-suite>
            </results>
          </test-suite>
        </results>
      </test-suite>
    </results>
  </test-suite>
</test-results>